<?xml version="1.0" encoding="UTF-8"?>
<!-- Generated by org.testng.reporters.JUnitReportReporter -->
<testsuite skipped="0" hostname="LAPTOP-CL9FEVJO" name="com.cafe.qa.testcases.CreateNewUserTest" tests="2" failures="0" timestamp="11 Feb 2019 21:53:10 GMT" time="64.600" errors="0">
  <testcase name="createNewUserTest" time="31.870" classname="com.cafe.qa.testcases.CreateNewUserTest"/>
  <testcase name="createNewUserTest" time="32.730" classname="com.cafe.qa.testcases.CreateNewUserTest"/>
</testsuite> <!-- com.cafe.qa.testcases.CreateNewUserTest -->
