<?xml version="1.0" encoding="UTF-8"?>
<!-- Generated by org.testng.reporters.JUnitReportReporter -->
<testsuite skipped="0" hostname="LAPTOP-CL9FEVJO" name="com.cafe.qa.testcases.LoginPageTest" tests="2" failures="0" timestamp="11 Feb 2019 21:53:10 GMT" time="22.767" errors="0">
  <testcase name="loginPageFunctionality" time="4.893" classname="com.cafe.qa.testcases.LoginPageTest"/>
  <testcase name="LoginTest" time="17.874" classname="com.cafe.qa.testcases.LoginPageTest"/>
</testsuite> <!-- com.cafe.qa.testcases.LoginPageTest -->
