<?xml version="1.0" encoding="UTF-8"?>
<!-- Generated by org.testng.reporters.JUnitReportReporter -->
<testsuite skipped="0" hostname="LAPTOP-CL9FEVJO" name="com.cafe.qa.testcases.DeleteUserTest" tests="1" failures="0" timestamp="11 Feb 2019 21:53:10 GMT" time="52.518" errors="0">
  <testcase name="DeleteUser" time="52.518" classname="com.cafe.qa.testcases.DeleteUserTest"/>
</testsuite> <!-- com.cafe.qa.testcases.DeleteUserTest -->
